#
# There is insufficient memory for the Java Runtime Environment to continue.
# Native memory allocation (malloc) failed to allocate 224416 bytes for Chunk::new
# Possible reasons:
#   The system is out of physical RAM or swap space
#   The process is running with CompressedOops enabled, and the Java Heap may be blocking the growth of the native heap
# Possible solutions:
#   Reduce memory load on the system
#   Increase physical memory or swap space
#   Check if swap backing store is full
#   Decrease Java heap size (-Xmx/-Xms)
#   Decrease number of Java threads
#   Decrease Java thread stack sizes (-Xss)
#   Set larger code cache with -XX:ReservedCodeCacheSize=
#   JVM is running with Unscaled Compressed Oops mode in which the Java heap is
#     placed in the first 4GB address space. The Java Heap base address is the
#     maximum limit for the native heap growth. Please use -XX:HeapBaseMinAddress
#     to set the Java Heap base and to place the Java Heap above 4GB virtual address.
# This output file may be truncated or incomplete.
#
#  Out of Memory Error (arena.cpp:189), pid=6536, tid=5308
#
# JRE version: OpenJDK Runtime Environment JBR-17.0.6+1-653.34-jcef (17.0.6+1) (build 17.0.6+1-b653.34)
# Java VM: OpenJDK 64-Bit Server VM JBR-17.0.6+1-653.34-jcef (17.0.6+1-b653.34, mixed mode, tiered, compressed oops, compressed class ptrs, g1 gc, windows-amd64)
# No core dump will be written. Minidumps are not enabled by default on client versions of Windows
#

---------------  S U M M A R Y ------------

Command Line: -Dawt.toolkit=com.intellij.desktop.DesktopActionsToolkit -Djava.rmi.server.hostname=127.0.0.1 -Duser.timezone=UTC -Xmx750m -Xms128m --add-exports=java.desktop/sun.awt=ALL-UNNAMED --add-exports=java.desktop/java.awt.peer=ALL-UNNAMED --add-opens=java.desktop/java.awt=ALL-UNNAMED --add-opens=jdk.unsupported/sun.misc=ALL-UNNAMED --add-opens=java.base/java.nio=ALL-UNNAMED --add-opens=java.base/java.util=ALL-UNNAMED -Dfile.encoding=UTF-8 com.intellij.database.remote.RemoteJdbcServer com.mysql.cj.jdbc.Driver

Host: 11th Gen Intel(R) Core(TM) i5-1135G7 @ 2.40GHz, 8 cores, 7G,  Windows 11 , 64 bit Build 22621 (10.0.22621.2215)
Time: Thu Sep 28 10:44:24 2023 SE Asia Standard Time elapsed time: 1442.429331 seconds (0d 0h 24m 2s)

---------------  T H R E A D  ---------------

Current thread (0x000001e5b9404bd0):  JavaThread "C2 CompilerThread0" daemon [_thread_in_native, id=5308, stack(0x000000bee3a00000,0x000000bee3b00000)]


Current CompileTask:
C2:1442429 2414   !   4       sun.nio.ch.NioSocketImpl::tryRead (87 bytes)

Stack: [0x000000bee3a00000,0x000000bee3b00000]
Native frames: (J=compiled Java code, j=interpreted, Vv=VM code, C=native code)
V  [jvm.dll+0x683b4a]
V  [jvm.dll+0x842654]
V  [jvm.dll+0x843dfe]
V  [jvm.dll+0x844463]
V  [jvm.dll+0x249b75]
V  [jvm.dll+0xabcac]
V  [jvm.dll+0xac27c]
V  [jvm.dll+0x368857]
V  [jvm.dll+0x1bd0b8]
V  [jvm.dll+0x21c359]
V  [jvm.dll+0x21b621]
V  [jvm.dll+0x1a4fdd]
V  [jvm.dll+0x22b098]
V  [jvm.dll+0x229159]
V  [jvm.dll+0x7f809c]
V  [jvm.dll+0x7f25fa]
V  [jvm.dll+0x682985]
C  [ucrtbase.dll+0x29363]
C  [KERNEL32.DLL+0x1257d]
C  [ntdll.dll+0x5aa68]


---------------  P R O C E S S  ---------------

Threads class SMR info:
_java_thread_list=0x000001e5bb4e9300, length=23, elements={
0x000001e5a19c9740, 0x000001e5b8aab030, 0x000001e5b8aabaf0, 0x000001e5b8a95c10,
0x000001e5b8acf3f0, 0x000001e5b9400080, 0x000001e5b9400940, 0x000001e5b9404bd0,
0x000001e5b9411690, 0x000001e5b9412080, 0x000001e5b95818c0, 0x000001e5b9581d90,
0x000001e5b967c9f0, 0x000001e5b989e9b0, 0x000001e5b98a1930, 0x000001e5b9935fe0,
0x000001e5b9ab5000, 0x000001e5b9ab74e0, 0x000001e5b9ab79b0, 0x000001e5b9abf830,
0x000001e5b9abdb50, 0x000001e5b9abee90, 0x000001e5b9abfd00
}

Java Threads: ( => current thread )
  0x000001e5a19c9740 JavaThread "main" [_thread_blocked, id=10452, stack(0x000000bee2d00000,0x000000bee2e00000)]
  0x000001e5b8aab030 JavaThread "Reference Handler" daemon [_thread_blocked, id=2644, stack(0x000000bee3400000,0x000000bee3500000)]
  0x000001e5b8aabaf0 JavaThread "Finalizer" daemon [_thread_blocked, id=11660, stack(0x000000bee3500000,0x000000bee3600000)]
  0x000001e5b8a95c10 JavaThread "Signal Dispatcher" daemon [_thread_blocked, id=6852, stack(0x000000bee3600000,0x000000bee3700000)]
  0x000001e5b8acf3f0 JavaThread "Attach Listener" daemon [_thread_blocked, id=1440, stack(0x000000bee3700000,0x000000bee3800000)]
  0x000001e5b9400080 JavaThread "Service Thread" daemon [_thread_blocked, id=13140, stack(0x000000bee3800000,0x000000bee3900000)]
  0x000001e5b9400940 JavaThread "Monitor Deflation Thread" daemon [_thread_blocked, id=1924, stack(0x000000bee3900000,0x000000bee3a00000)]
=>0x000001e5b9404bd0 JavaThread "C2 CompilerThread0" daemon [_thread_in_native, id=5308, stack(0x000000bee3a00000,0x000000bee3b00000)]
  0x000001e5b9411690 JavaThread "C1 CompilerThread0" daemon [_thread_blocked, id=9296, stack(0x000000bee3b00000,0x000000bee3c00000)]
  0x000001e5b9412080 JavaThread "Sweeper thread" daemon [_thread_blocked, id=17372, stack(0x000000bee3c00000,0x000000bee3d00000)]
  0x000001e5b95818c0 JavaThread "Common-Cleaner" daemon [_thread_blocked, id=9156, stack(0x000000bee3d00000,0x000000bee3e00000)]
  0x000001e5b9581d90 JavaThread "Notification Thread" daemon [_thread_blocked, id=556, stack(0x000000bee3e00000,0x000000bee3f00000)]
  0x000001e5b967c9f0 JavaThread "mysql-cj-abandoned-connection-cleanup" daemon [_thread_blocked, id=3684, stack(0x000000bee4000000,0x000000bee4100000)]
  0x000001e5b989e9b0 JavaThread "Java2D Disposer" daemon [_thread_blocked, id=4004, stack(0x000000bee4100000,0x000000bee4200000)]
  0x000001e5b98a1930 JavaThread "AWT-Windows" daemon [_thread_in_native, id=972, stack(0x000000bee4300000,0x000000bee4400000)]
  0x000001e5b9935fe0 JavaThread "RMI TCP Accept-29858" daemon [_thread_in_native, id=10476, stack(0x000000bee4400000,0x000000bee4500000)]
  0x000001e5b9ab5000 JavaThread "RMI TCP Accept-0" daemon [_thread_in_native, id=9348, stack(0x000000bee4500000,0x000000bee4600000)]
  0x000001e5b9ab74e0 JavaThread "RMI Reaper" [_thread_blocked, id=2444, stack(0x000000bee4600000,0x000000bee4700000)]
  0x000001e5b9ab79b0 JavaThread "RMI GC Daemon" daemon [_thread_blocked, id=14112, stack(0x000000bee4700000,0x000000bee4800000)]
  0x000001e5b9abf830 JavaThread "RMI TCP Connection(1)-127.0.0.1" daemon [_thread_in_native, id=16748, stack(0x000000bee4800000,0x000000bee4900000)]
  0x000001e5b9abdb50 JavaThread "RMI Scheduler(0)" daemon [_thread_blocked, id=5056, stack(0x000000bee4900000,0x000000bee4a00000)]
  0x000001e5b9abee90 JavaThread "RMI TCP Connection(2)-127.0.0.1" daemon [_thread_in_native, id=4448, stack(0x000000bee4a00000,0x000000bee4b00000)]
  0x000001e5b9abfd00 JavaThread "RMI RenewClean-[127.0.0.1:53984]" daemon [_thread_blocked, id=11640, stack(0x000000bee4b00000,0x000000bee4c00000)]

Other Threads:
  0x000001e5b8a86030 VMThread "VM Thread" [stack: 0x000000bee3300000,0x000000bee3400000] [id=10420]
  0x000001e5b9584270 WatcherThread [stack: 0x000000bee3f00000,0x000000bee4000000] [id=984]
  0x000001e5a1a003b0 GCTaskThread "GC Thread#0" [stack: 0x000000bee2e00000,0x000000bee2f00000] [id=6384]
  0x000001e5b9e6fff0 GCTaskThread "GC Thread#1" [stack: 0x000000bee4200000,0x000000bee4300000] [id=16556]
  0x000001e5b9e702a0 GCTaskThread "GC Thread#2" [stack: 0x000000bee4d00000,0x000000bee4e00000] [id=14488]
  0x000001e5b9e70550 GCTaskThread "GC Thread#3" [stack: 0x000000bee4e00000,0x000000bee4f00000] [id=16244]
  0x000001e5b9cd4d60 GCTaskThread "GC Thread#4" [stack: 0x000000bee4f00000,0x000000bee5000000] [id=14848]
  0x000001e5b9e639b0 GCTaskThread "GC Thread#5" [stack: 0x000000bee5000000,0x000000bee5100000] [id=6456]
  0x000001e5b9e63c60 GCTaskThread "GC Thread#6" [stack: 0x000000bee5100000,0x000000bee5200000] [id=17360]
  0x000001e5b9b67c90 GCTaskThread "GC Thread#7" [stack: 0x000000bee5200000,0x000000bee5300000] [id=6724]
  0x000001e5a1a070b0 ConcurrentGCThread "G1 Main Marker" [stack: 0x000000bee2f00000,0x000000bee3000000] [id=16276]
  0x000001e5a1a07ac0 ConcurrentGCThread "G1 Conc#0" [stack: 0x000000bee3000000,0x000000bee3100000] [id=1904]
  0x000001e5b9e70800 ConcurrentGCThread "G1 Conc#1" [stack: 0x000000bee5300000,0x000000bee5400000] [id=14032]
  0x000001e5a1a83860 ConcurrentGCThread "G1 Refine#0" [stack: 0x000000bee3100000,0x000000bee3200000] [id=13316]
  0x000001e5b9eb7910 ConcurrentGCThread "G1 Refine#1" [stack: 0x000000bee5400000,0x000000bee5500000] [id=6332]
  0x000001e5b88f03e0 ConcurrentGCThread "G1 Service" [stack: 0x000000bee3200000,0x000000bee3300000] [id=16084]

Threads with active compile tasks:
C2 CompilerThread0  1442453 2414   !   4       sun.nio.ch.NioSocketImpl::tryRead (87 bytes)

VM state: not at safepoint (normal execution)

VM Mutex/Monitor currently owned by a thread: None

Heap address: 0x00000000d1200000, size: 750 MB, Compressed Oops mode: 32-bit

CDS archive(s) not mapped
Compressed class space mapped at: 0x0000000100000000-0x0000000140000000, reserved size: 1073741824
Narrow klass base: 0x0000000000000000, Narrow klass shift: 3, Narrow klass range: 0x140000000

GC Precious Log:
 CPUs: 8 total, 8 available
 Memory: 7873M
 Large Page Support: Disabled
 NUMA Support: Disabled
 Compressed Oops: Enabled (32-bit)
 Heap Region Size: 1M
 Heap Min Capacity: 128M
 Heap Initial Capacity: 128M
 Heap Max Capacity: 750M
 Pre-touch: Disabled
 Parallel Workers: 8
 Concurrent Workers: 2
 Concurrent Refinement Workers: 8
 Periodic GC: Disabled

Heap:
 garbage-first heap   total 131072K, used 14988K [0x00000000d1200000, 0x0000000100000000)
  region size 1024K, 8 young (8192K), 2 survivors (2048K)
 Metaspace       used 24151K, committed 24448K, reserved 1073152K
  class space    used 2478K, committed 2624K, reserved 1048576K

Heap Regions: E=young(eden), S=young(survivor), O=old, HS=humongous(starts), HC=humongous(continues), CS=collection set, F=free, OA=open archive, CA=closed archive, TAMS=top-at-mark-start (previous, next)
|   0|0x00000000d1200000, 0x00000000d1300000, 0x00000000d1300000|100%|HS|  |TAMS 0x00000000d1300000, 0x00000000d1200000| Complete 
|   1|0x00000000d1300000, 0x00000000d1400000, 0x00000000d1400000|100%|HC|  |TAMS 0x00000000d1400000, 0x00000000d1300000| Complete 
|   2|0x00000000d1400000, 0x00000000d1500000, 0x00000000d1500000|100%|HC|  |TAMS 0x00000000d1500000, 0x00000000d1400000| Complete 
|   3|0x00000000d1500000, 0x00000000d1600000, 0x00000000d1600000|100%| O|  |TAMS 0x00000000d1500000, 0x00000000d1500000| Untracked 
|   4|0x00000000d1600000, 0x00000000d1700000, 0x00000000d1700000|100%| O|  |TAMS 0x00000000d1600000, 0x00000000d1600000| Untracked 
|   5|0x00000000d1700000, 0x00000000d1800000, 0x00000000d1800000|100%| O|  |TAMS 0x00000000d1700000, 0x00000000d1700000| Untracked 
|   6|0x00000000d1800000, 0x00000000d1900000, 0x00000000d1900000|100%| O|  |TAMS 0x00000000d1800000, 0x00000000d1800000| Untracked 
|   7|0x00000000d1900000, 0x00000000d1a00000, 0x00000000d1a00000|100%| O|  |TAMS 0x00000000d1900000, 0x00000000d1900000| Untracked 
|   8|0x00000000d1a00000, 0x00000000d1a56600, 0x00000000d1b00000| 33%| O|  |TAMS 0x00000000d1a00000, 0x00000000d1a00000| Untracked 
|   9|0x00000000d1b00000, 0x00000000d1b00000, 0x00000000d1c00000|  0%| F|  |TAMS 0x00000000d1b00000, 0x00000000d1b00000| Untracked 
|  10|0x00000000d1c00000, 0x00000000d1c00000, 0x00000000d1d00000|  0%| F|  |TAMS 0x00000000d1c00000, 0x00000000d1c00000| Untracked 
|  11|0x00000000d1d00000, 0x00000000d1d00000, 0x00000000d1e00000|  0%| F|  |TAMS 0x00000000d1d00000, 0x00000000d1d00000| Untracked 
|  12|0x00000000d1e00000, 0x00000000d1e00000, 0x00000000d1f00000|  0%| F|  |TAMS 0x00000000d1e00000, 0x00000000d1e00000| Untracked 
|  13|0x00000000d1f00000, 0x00000000d1f00000, 0x00000000d2000000|  0%| F|  |TAMS 0x00000000d1f00000, 0x00000000d1f00000| Untracked 
|  14|0x00000000d2000000, 0x00000000d2000000, 0x00000000d2100000|  0%| F|  |TAMS 0x00000000d2000000, 0x00000000d2000000| Untracked 
|  15|0x00000000d2100000, 0x00000000d2100000, 0x00000000d2200000|  0%| F|  |TAMS 0x00000000d2100000, 0x00000000d2100000| Untracked 
|  16|0x00000000d2200000, 0x00000000d2200000, 0x00000000d2300000|  0%| F|  |TAMS 0x00000000d2200000, 0x00000000d2200000| Untracked 
|  17|0x00000000d2300000, 0x00000000d2300000, 0x00000000d2400000|  0%| F|  |TAMS 0x00000000d2300000, 0x00000000d2300000| Untracked 
|  18|0x00000000d2400000, 0x00000000d2400000, 0x00000000d2500000|  0%| F|  |TAMS 0x00000000d2400000, 0x00000000d2400000| Untracked 
|  19|0x00000000d2500000, 0x00000000d2500000, 0x00000000d2600000|  0%| F|  |TAMS 0x00000000d2500000, 0x00000000d2500000| Untracked 
|  20|0x00000000d2600000, 0x00000000d2600000, 0x00000000d2700000|  0%| F|  |TAMS 0x00000000d2600000, 0x00000000d2600000| Untracked 
|  21|0x00000000d2700000, 0x00000000d2700000, 0x00000000d2800000|  0%| F|  |TAMS 0x00000000d2700000, 0x00000000d2700000| Untracked 
|  22|0x00000000d2800000, 0x00000000d2800000, 0x00000000d2900000|  0%| F|  |TAMS 0x00000000d2800000, 0x00000000d2800000| Untracked 
|  23|0x00000000d2900000, 0x00000000d2900000, 0x00000000d2a00000|  0%| F|  |TAMS 0x00000000d2900000, 0x00000000d2900000| Untracked 
|  24|0x00000000d2a00000, 0x00000000d2a00000, 0x00000000d2b00000|  0%| F|  |TAMS 0x00000000d2a00000, 0x00000000d2a00000| Untracked 
|  25|0x00000000d2b00000, 0x00000000d2b00000, 0x00000000d2c00000|  0%| F|  |TAMS 0x00000000d2b00000, 0x00000000d2b00000| Untracked 
|  26|0x00000000d2c00000, 0x00000000d2c00000, 0x00000000d2d00000|  0%| F|  |TAMS 0x00000000d2c00000, 0x00000000d2c00000| Untracked 
|  27|0x00000000d2d00000, 0x00000000d2d00000, 0x00000000d2e00000|  0%| F|  |TAMS 0x00000000d2d00000, 0x00000000d2d00000| Untracked 
|  28|0x00000000d2e00000, 0x00000000d2e00000, 0x00000000d2f00000|  0%| F|  |TAMS 0x00000000d2e00000, 0x00000000d2e00000| Untracked 
|  29|0x00000000d2f00000, 0x00000000d2f00000, 0x00000000d3000000|  0%| F|  |TAMS 0x00000000d2f00000, 0x00000000d2f00000| Untracked 
|  30|0x00000000d3000000, 0x00000000d3000000, 0x00000000d3100000|  0%| F|  |TAMS 0x00000000d3000000, 0x00000000d3000000| Untracked 
|  31|0x00000000d3100000, 0x00000000d3100000, 0x00000000d3200000|  0%| F|  |TAMS 0x00000000d3100000, 0x00000000d3100000| Untracked 
|  32|0x00000000d3200000, 0x00000000d3200000, 0x00000000d3300000|  0%| F|  |TAMS 0x00000000d3200000, 0x00000000d3200000| Untracked 
|  33|0x00000000d3300000, 0x00000000d3300000, 0x00000000d3400000|  0%| F|  |TAMS 0x00000000d3300000, 0x00000000d3300000| Untracked 
|  34|0x00000000d3400000, 0x00000000d3400000, 0x00000000d3500000|  0%| F|  |TAMS 0x00000000d3400000, 0x00000000d3400000| Untracked 
|  35|0x00000000d3500000, 0x00000000d3500000, 0x00000000d3600000|  0%| F|  |TAMS 0x00000000d3500000, 0x00000000d3500000| Untracked 
|  36|0x00000000d3600000, 0x00000000d3600000, 0x00000000d3700000|  0%| F|  |TAMS 0x00000000d3600000, 0x00000000d3600000| Untracked 
|  37|0x00000000d3700000, 0x00000000d3700000, 0x00000000d3800000|  0%| F|  |TAMS 0x00000000d3700000, 0x00000000d3700000| Untracked 
|  38|0x00000000d3800000, 0x00000000d3800000, 0x00000000d3900000|  0%| F|  |TAMS 0x00000000d3800000, 0x00000000d3800000| Untracked 
|  39|0x00000000d3900000, 0x00000000d3900000, 0x00000000d3a00000|  0%| F|  |TAMS 0x00000000d3900000, 0x00000000d3900000| Untracked 
|  40|0x00000000d3a00000, 0x00000000d3a00000, 0x00000000d3b00000|  0%| F|  |TAMS 0x00000000d3a00000, 0x00000000d3a00000| Untracked 
|  41|0x00000000d3b00000, 0x00000000d3b00000, 0x00000000d3c00000|  0%| F|  |TAMS 0x00000000d3b00000, 0x00000000d3b00000| Untracked 
|  42|0x00000000d3c00000, 0x00000000d3c00000, 0x00000000d3d00000|  0%| F|  |TAMS 0x00000000d3c00000, 0x00000000d3c00000| Untracked 
|  43|0x00000000d3d00000, 0x00000000d3d00000, 0x00000000d3e00000|  0%| F|  |TAMS 0x00000000d3d00000, 0x00000000d3d00000| Untracked 
|  44|0x00000000d3e00000, 0x00000000d3e00000, 0x00000000d3f00000|  0%| F|  |TAMS 0x00000000d3e00000, 0x00000000d3e00000| Untracked 
|  45|0x00000000d3f00000, 0x00000000d3f00000, 0x00000000d4000000|  0%| F|  |TAMS 0x00000000d3f00000, 0x00000000d3f00000| Untracked 
|  46|0x00000000d4000000, 0x00000000d4000000, 0x00000000d4100000|  0%| F|  |TAMS 0x00000000d4000000, 0x00000000d4000000| Untracked 
|  47|0x00000000d4100000, 0x00000000d4100000, 0x00000000d4200000|  0%| F|  |TAMS 0x00000000d4100000, 0x00000000d4100000| Untracked 
|  48|0x00000000d4200000, 0x00000000d4200000, 0x00000000d4300000|  0%| F|  |TAMS 0x00000000d4200000, 0x00000000d4200000| Untracked 
|  49|0x00000000d4300000, 0x00000000d4300000, 0x00000000d4400000|  0%| F|  |TAMS 0x00000000d4300000, 0x00000000d4300000| Untracked 
|  50|0x00000000d4400000, 0x00000000d4400000, 0x00000000d4500000|  0%| F|  |TAMS 0x00000000d4400000, 0x00000000d4400000| Untracked 
|  51|0x00000000d4500000, 0x00000000d4500000, 0x00000000d4600000|  0%| F|  |TAMS 0x00000000d4500000, 0x00000000d4500000| Untracked 
|  52|0x00000000d4600000, 0x00000000d4600000, 0x00000000d4700000|  0%| F|  |TAMS 0x00000000d4600000, 0x00000000d4600000| Untracked 
|  53|0x00000000d4700000, 0x00000000d4700000, 0x00000000d4800000|  0%| F|  |TAMS 0x00000000d4700000, 0x00000000d4700000| Untracked 
|  54|0x00000000d4800000, 0x00000000d4800000, 0x00000000d4900000|  0%| F|  |TAMS 0x00000000d4800000, 0x00000000d4800000| Untracked 
|  55|0x00000000d4900000, 0x00000000d4900000, 0x00000000d4a00000|  0%| F|  |TAMS 0x00000000d4900000, 0x00000000d4900000| Untracked 
|  56|0x00000000d4a00000, 0x00000000d4a00000, 0x00000000d4b00000|  0%| F|  |TAMS 0x00000000d4a00000, 0x00000000d4a00000| Untracked 
|  57|0x00000000d4b00000, 0x00000000d4b00000, 0x00000000d4c00000|  0%| F|  |TAMS 0x00000000d4b00000, 0x00000000d4b00000| Untracked 
|  58|0x00000000d4c00000, 0x00000000d4c00000, 0x00000000d4d00000|  0%| F|  |TAMS 0x00000000d4c00000, 0x00000000d4c00000| Untracked 
|  59|0x00000000d4d00000, 0x00000000d4d00000, 0x00000000d4e00000|  0%| F|  |TAMS 0x00000000d4d00000, 0x00000000d4d00000| Untracked 
|  60|0x00000000d4e00000, 0x00000000d4e00000, 0x00000000d4f00000|  0%| F|  |TAMS 0x00000000d4e00000, 0x00000000d4e00000| Untracked 
|  61|0x00000000d4f00000, 0x00000000d4f00000, 0x00000000d5000000|  0%| F|  |TAMS 0x00000000d4f00000, 0x00000000d4f00000| Untracked 
|  62|0x00000000d5000000, 0x00000000d5000000, 0x00000000d5100000|  0%| F|  |TAMS 0x00000000d5000000, 0x00000000d5000000| Untracked 
|  63|0x00000000d5100000, 0x00000000d5100000, 0x00000000d5200000|  0%| F|  |TAMS 0x00000000d5100000, 0x00000000d5100000| Untracked 
|  64|0x00000000d5200000, 0x00000000d5200000, 0x00000000d5300000|  0%| F|  |TAMS 0x00000000d5200000, 0x00000000d5200000| Untracked 
|  65|0x00000000d5300000, 0x00000000d5300000, 0x00000000d5400000|  0%| F|  |TAMS 0x00000000d5300000, 0x00000000d5300000| Untracked 
|  66|0x00000000d5400000, 0x00000000d5400000, 0x00000000d5500000|  0%| F|  |TAMS 0x00000000d5400000, 0x00000000d5400000| Untracked 
|  67|0x00000000d5500000, 0x00000000d5500000, 0x00000000d5600000|  0%| F|  |TAMS 0x00000000d5500000, 0x00000000d5500000| Untracked 
|  68|0x00000000d5600000, 0x00000000d5600000, 0x00000000d5700000|  0%| F|  |TAMS 0x00000000d5600000, 0x00000000d5600000| Untracked 
|  69|0x00000000d5700000, 0x00000000d5700000, 0x00000000d5800000|  0%| F|  |TAMS 0x00000000d5700000, 0x00000000d5700000| Untracked 
|  70|0x00000000d5800000, 0x00000000d5800000, 0x00000000d5900000|  0%| F|  |TAMS 0x00000000d5800000, 0x00000000d5800000| Untracked 
|  71|0x00000000d5900000, 0x00000000d5900000, 0x00000000d5a00000|  0%| F|  |TAMS 0x00000000d5900000, 0x00000000d5900000| Untracked 
|  72|0x00000000d5a00000, 0x00000000d5a00000, 0x00000000d5b00000|  0%| F|  |TAMS 0x00000000d5a00000, 0x00000000d5a00000| Untracked 
|  73|0x00000000d5b00000, 0x00000000d5b00000, 0x00000000d5c00000|  0%| F|  |TAMS 0x00000000d5b00000, 0x00000000d5b00000| Untracked 
|  74|0x00000000d5c00000, 0x00000000d5c00000, 0x00000000d5d00000|  0%| F|  |TAMS 0x00000000d5c00000, 0x00000000d5c00000| Untracked 
|  75|0x00000000d5d00000, 0x00000000d5d00000, 0x00000000d5e00000|  0%| F|  |TAMS 0x00000000d5d00000, 0x00000000d5d00000| Untracked 
|  76|0x00000000d5e00000, 0x00000000d5e00000, 0x00000000d5f00000|  0%| F|  |TAMS 0x00000000d5e00000, 0x00000000d5e00000| Untracked 
|  77|0x00000000d5f00000, 0x00000000d5f00000, 0x00000000d6000000|  0%| F|  |TAMS 0x00000000d5f00000, 0x00000000d5f00000| Untracked 
|  78|0x00000000d6000000, 0x00000000d6000000, 0x00000000d6100000|  0%| F|  |TAMS 0x00000000d6000000, 0x00000000d6000000| Untracked 
|  79|0x00000000d6100000, 0x00000000d6100000, 0x00000000d6200000|  0%| F|  |TAMS 0x00000000d6100000, 0x00000000d6100000| Untracked 
|  80|0x00000000d6200000, 0x00000000d6200000, 0x00000000d6300000|  0%| F|  |TAMS 0x00000000d6200000, 0x00000000d6200000| Untracked 
|  81|0x00000000d6300000, 0x00000000d6300000, 0x00000000d6400000|  0%| F|  |TAMS 0x00000000d6300000, 0x00000000d6300000| Untracked 
|  82|0x00000000d6400000, 0x00000000d6400000, 0x00000000d6500000|  0%| F|  |TAMS 0x00000000d6400000, 0x00000000d6400000| Untracked 
|  83|0x00000000d6500000, 0x00000000d6500000, 0x00000000d6600000|  0%| F|  |TAMS 0x00000000d6500000, 0x00000000d6500000| Untracked 
|  84|0x00000000d6600000, 0x00000000d6600000, 0x00000000d6700000|  0%| F|  |TAMS 0x00000000d6600000, 0x00000000d6600000| Untracked 
|  85|0x00000000d6700000, 0x00000000d6700000, 0x00000000d6800000|  0%| F|  |TAMS 0x00000000d6700000, 0x00000000d6700000| Untracked 
|  86|0x00000000d6800000, 0x00000000d6800000, 0x00000000d6900000|  0%| F|  |TAMS 0x00000000d6800000, 0x00000000d6800000| Untracked 
|  87|0x00000000d6900000, 0x00000000d6900000, 0x00000000d6a00000|  0%| F|  |TAMS 0x00000000d6900000, 0x00000000d6900000| Untracked 
|  88|0x00000000d6a00000, 0x00000000d6a00000, 0x00000000d6b00000|  0%| F|  |TAMS 0x00000000d6a00000, 0x00000000d6a00000| Untracked 
|  89|0x00000000d6b00000, 0x00000000d6b00000, 0x00000000d6c00000|  0%| F|  |TAMS 0x00000000d6b00000, 0x00000000d6b00000| Untracked 
|  90|0x00000000d6c00000, 0x00000000d6c00000, 0x00000000d6d00000|  0%| F|  |TAMS 0x00000000d6c00000, 0x00000000d6c00000| Untracked 
|  91|0x00000000d6d00000, 0x00000000d6d00000, 0x00000000d6e00000|  0%| F|  |TAMS 0x00000000d6d00000, 0x00000000d6d00000| Untracked 
|  92|0x00000000d6e00000, 0x00000000d6e00000, 0x00000000d6f00000|  0%| F|  |TAMS 0x00000000d6e00000, 0x00000000d6e00000| Untracked 
|  93|0x00000000d6f00000, 0x00000000d6f00000, 0x00000000d7000000|  0%| F|  |TAMS 0x00000000d6f00000, 0x00000000d6f00000| Untracked 
|  94|0x00000000d7000000, 0x00000000d7000000, 0x00000000d7100000|  0%| F|  |TAMS 0x00000000d7000000, 0x00000000d7000000| Untracked 
|  95|0x00000000d7100000, 0x00000000d7100000, 0x00000000d7200000|  0%| F|  |TAMS 0x00000000d7100000, 0x00000000d7100000| Untracked 
|  96|0x00000000d7200000, 0x00000000d7200000, 0x00000000d7300000|  0%| F|  |TAMS 0x00000000d7200000, 0x00000000d7200000| Untracked 
|  97|0x00000000d7300000, 0x00000000d7300000, 0x00000000d7400000|  0%| F|  |TAMS 0x00000000d7300000, 0x00000000d7300000| Untracked 
|  98|0x00000000d7400000, 0x00000000d7400000, 0x00000000d7500000|  0%| F|  |TAMS 0x00000000d7400000, 0x00000000d7400000| Untracked 
|  99|0x00000000d7500000, 0x00000000d7500000, 0x00000000d7600000|  0%| F|  |TAMS 0x00000000d7500000, 0x00000000d7500000| Untracked 
| 100|0x00000000d7600000, 0x00000000d7600000, 0x00000000d7700000|  0%| F|  |TAMS 0x00000000d7600000, 0x00000000d7600000| Untracked 
| 101|0x00000000d7700000, 0x00000000d7700000, 0x00000000d7800000|  0%| F|  |TAMS 0x00000000d7700000, 0x00000000d7700000| Untracked 
| 102|0x00000000d7800000, 0x00000000d7800000, 0x00000000d7900000|  0%| F|  |TAMS 0x00000000d7800000, 0x00000000d7800000| Untracked 
| 103|0x00000000d7900000, 0x00000000d7900000, 0x00000000d7a00000|  0%| F|  |TAMS 0x00000000d7900000, 0x00000000d7900000| Untracked 
| 104|0x00000000d7a00000, 0x00000000d7a00000, 0x00000000d7b00000|  0%| F|  |TAMS 0x00000000d7a00000, 0x00000000d7a00000| Untracked 
| 105|0x00000000d7b00000, 0x00000000d7b00000, 0x00000000d7c00000|  0%| F|  |TAMS 0x00000000d7b00000, 0x00000000d7b00000| Untracked 
| 106|0x00000000d7c00000, 0x00000000d7c00000, 0x00000000d7d00000|  0%| F|  |TAMS 0x00000000d7c00000, 0x00000000d7c00000| Untracked 
| 107|0x00000000d7d00000, 0x00000000d7d4ca88, 0x00000000d7e00000| 29%| S|CS|TAMS 0x00000000d7d00000, 0x00000000d7d00000| Complete 
| 108|0x00000000d7e00000, 0x00000000d7f00000, 0x00000000d7f00000|100%| S|CS|TAMS 0x00000000d7e00000, 0x00000000d7e00000| Complete 
| 109|0x00000000d7f00000, 0x00000000d7f00000, 0x00000000d8000000|  0%| F|  |TAMS 0x00000000d7f00000, 0x00000000d7f00000| Untracked 
| 110|0x00000000d8000000, 0x00000000d8000000, 0x00000000d8100000|  0%| F|  |TAMS 0x00000000d8000000, 0x00000000d8000000| Untracked 
| 111|0x00000000d8100000, 0x00000000d8100000, 0x00000000d8200000|  0%| F|  |TAMS 0x00000000d8100000, 0x00000000d8100000| Untracked 
| 112|0x00000000d8200000, 0x00000000d8200000, 0x00000000d8300000|  0%| F|  |TAMS 0x00000000d8200000, 0x00000000d8200000| Untracked 
| 113|0x00000000d8300000, 0x00000000d8300000, 0x00000000d8400000|  0%| F|  |TAMS 0x00000000d8300000, 0x00000000d8300000| Untracked 
| 114|0x00000000d8400000, 0x00000000d8400000, 0x00000000d8500000|  0%| F|  |TAMS 0x00000000d8400000, 0x00000000d8400000| Untracked 
| 115|0x00000000d8500000, 0x00000000d8500000, 0x00000000d8600000|  0%| F|  |TAMS 0x00000000d8500000, 0x00000000d8500000| Untracked 
| 116|0x00000000d8600000, 0x00000000d8600000, 0x00000000d8700000|  0%| F|  |TAMS 0x00000000d8600000, 0x00000000d8600000| Untracked 
| 117|0x00000000d8700000, 0x00000000d8700000, 0x00000000d8800000|  0%| F|  |TAMS 0x00000000d8700000, 0x00000000d8700000| Untracked 
| 118|0x00000000d8800000, 0x00000000d8800000, 0x00000000d8900000|  0%| F|  |TAMS 0x00000000d8800000, 0x00000000d8800000| Untracked 
| 119|0x00000000d8900000, 0x00000000d8900000, 0x00000000d8a00000|  0%| F|  |TAMS 0x00000000d8900000, 0x00000000d8900000| Untracked 
| 120|0x00000000d8a00000, 0x00000000d8a00000, 0x00000000d8b00000|  0%| F|  |TAMS 0x00000000d8a00000, 0x00000000d8a00000| Untracked 
| 121|0x00000000d8b00000, 0x00000000d8b00000, 0x00000000d8c00000|  0%| F|  |TAMS 0x00000000d8b00000, 0x00000000d8b00000| Untracked 
| 122|0x00000000d8c00000, 0x00000000d8d00000, 0x00000000d8d00000|100%| E|  |TAMS 0x00000000d8c00000, 0x00000000d8c00000| Complete 
| 123|0x00000000d8d00000, 0x00000000d8e00000, 0x00000000d8e00000|100%| E|CS|TAMS 0x00000000d8d00000, 0x00000000d8d00000| Complete 
| 124|0x00000000d8e00000, 0x00000000d8f00000, 0x00000000d8f00000|100%| E|CS|TAMS 0x00000000d8e00000, 0x00000000d8e00000| Complete 
| 125|0x00000000d8f00000, 0x00000000d9000000, 0x00000000d9000000|100%| E|CS|TAMS 0x00000000d8f00000, 0x00000000d8f00000| Complete 
| 126|0x00000000d9000000, 0x00000000d9100000, 0x00000000d9100000|100%| E|CS|TAMS 0x00000000d9000000, 0x00000000d9000000| Complete 
| 127|0x00000000d9100000, 0x00000000d9200000, 0x00000000d9200000|100%| E|CS|TAMS 0x00000000d9100000, 0x00000000d9100000| Complete 

Card table byte_map: [0x000001e5b45e0000,0x000001e5b4760000] _byte_map_base: 0x000001e5b3f57000

Marking Bits (Prev, Next): (CMBitMap*) 0x000001e5a1a00a00, (CMBitMap*) 0x000001e5a1a009c0
 Prev Bits: [0x000001e5b54a0000, 0x000001e5b6058000)
 Next Bits: [0x000001e5b48e0000, 0x000001e5b5498000)

Polling page: 0x000001e59f9a0000

Metaspace:

Usage:
  Non-class:     21.17 MB used.
      Class:      2.42 MB used.
       Both:     23.59 MB used.

Virtual space:
  Non-class space:       24.00 MB reserved,      21.31 MB ( 89%) committed,  3 nodes.
      Class space:        1.00 GB reserved,       2.56 MB ( <1%) committed,  1 nodes.
             Both:        1.02 GB reserved,      23.88 MB (  2%) committed. 

Chunk freelists:
   Non-Class:  2.45 MB
       Class:  1.43 MB
        Both:  3.89 MB

MaxMetaspaceSize: unlimited
CompressedClassSpaceSize: 1.00 GB
Initial GC threshold: 21.00 MB
Current GC threshold: 35.12 MB
CDS: off
MetaspaceReclaimPolicy: balanced
 - commit_granule_bytes: 65536.
 - commit_granule_words: 8192.
 - virtual_space_node_default_size: 1048576.
 - enlarge_chunks_in_place: 1.
 - new_chunks_are_fully_committed: 0.
 - uncommit_free_chunks: 1.
 - use_allocation_guard: 0.
 - handle_deallocations: 1.


Internal statistics:

num_allocs_failed_limit: 5.
num_arena_births: 282.
num_arena_deaths: 0.
num_vsnodes_births: 4.
num_vsnodes_deaths: 0.
num_space_committed: 382.
num_space_uncommitted: 0.
num_chunks_returned_to_freelist: 5.
num_chunks_taken_from_freelist: 628.
num_chunk_merges: 0.
num_chunk_splits: 369.
num_chunks_enlarged: 185.
num_purges: 0.
num_inconsistent_stats: 0.

CodeHeap 'non-profiled nmethods': size=120000Kb used=881Kb max_used=881Kb free=119118Kb
 bounds [0x000001e5acc00000, 0x000001e5ace70000, 0x000001e5b4130000]
CodeHeap 'profiled nmethods': size=120000Kb used=4942Kb max_used=4942Kb free=115057Kb
 bounds [0x000001e5a5130000, 0x000001e5a5610000, 0x000001e5ac660000]
CodeHeap 'non-nmethods': size=5760Kb used=1296Kb max_used=1347Kb free=4463Kb
 bounds [0x000001e5ac660000, 0x000001e5ac8d0000, 0x000001e5acc00000]
 total_blobs=3013 nmethods=2412 adapters=513
 compilation: enabled
              stopped_count=0, restarted_count=0
 full_count=0

Compilation events (20 events):
Event: 1155.964 Thread 0x000001e5b9411690 nmethod 2402 0x000001e5a55fc190 code [0x000001e5a55fc3c0, 0x000001e5a55fcc88]
Event: 1208.206 Thread 0x000001e5b9411690 2403       3       java.io.ObjectOutputStream::isCustomSubclass (21 bytes)
Event: 1208.210 Thread 0x000001e5b9411690 nmethod 2403 0x000001e5a55fcf90 code [0x000001e5a55fd1e0, 0x000001e5a55fdcf8]
Event: 1215.895 Thread 0x000001e5b9411690 2404       3       java.util.concurrent.locks.LockSupport::parkNanos (29 bytes)
Event: 1215.896 Thread 0x000001e5b9411690 nmethod 2404 0x000001e5a55fe090 code [0x000001e5a55fe260, 0x000001e5a55fe468]
Event: 1215.983 Thread 0x000001e5b9411690 2406   !   3       jdk.internal.loader.URLClassPath$JarLoader::getResource (354 bytes)
Event: 1215.994 Thread 0x000001e5b9411690 nmethod 2406 0x000001e5a55fe590 code [0x000001e5a55fea00, 0x000001e5a56009d8]
Event: 1271.263 Thread 0x000001e5b9404bd0 2407       4       java.io.ObjectInputStream$BlockDataInputStream::readLong (76 bytes)
Event: 1271.316 Thread 0x000001e5b9404bd0 nmethod 2407 0x000001e5accd7a90 code [0x000001e5accd7d80, 0x000001e5accd9de0]
Event: 1275.996 Thread 0x000001e5b9411690 2408   !   3       com.mysql.cj.jdbc.AbandonedConnectionCleanupThread::checkThreadContextClassLoader (20 bytes)
Event: 1276.001 Thread 0x000001e5b9411690 nmethod 2408 0x000001e5a5601c10 code [0x000001e5a5601ea0, 0x000001e5a5602d98]
Event: 1352.305 Thread 0x000001e5b9404bd0 2410       4       java.io.ObjectInputStream$BlockDataInputStream::readShort (73 bytes)
Event: 1352.309 Thread 0x000001e5b9404bd0 nmethod 2410 0x000001e5accdb990 code [0x000001e5accdbb40, 0x000001e5accdbf58]
Event: 1397.315 Thread 0x000001e5b9404bd0 2411       4       java.nio.MappedByteBuffer::position (6 bytes)
Event: 1397.319 Thread 0x000001e5b9404bd0 nmethod 2411 0x000001e5accdc390 code [0x000001e5accdc500, 0x000001e5accdc5d8]
Event: 1415.335 Thread 0x000001e5b9411690 2412       3       java.util.IdentityHashMap::maskNull (12 bytes)
Event: 1415.336 Thread 0x000001e5b9411690 nmethod 2412 0x000001e5a5603390 code [0x000001e5a5603520, 0x000001e5a5603658]
Event: 1415.336 Thread 0x000001e5b9411690 2413       3       java.util.IdentityHashMap::hash (18 bytes)
Event: 1415.336 Thread 0x000001e5b9411690 nmethod 2413 0x000001e5a5603710 code [0x000001e5a56038a0, 0x000001e5a56039c8]
Event: 1442.407 Thread 0x000001e5b9404bd0 2414   !   4       sun.nio.ch.NioSocketImpl::tryRead (87 bytes)

GC Heap History (4 events):
Event: 1.457 GC heap before
{Heap before GC invocations=0 (full 0):
 garbage-first heap   total 131072K, used 23552K [0x00000000d1200000, 0x0000000100000000)
  region size 1024K, 22 young (22528K), 0 survivors (0K)
 Metaspace       used 21286K, committed 21504K, reserved 1073152K
  class space    used 2253K, committed 2368K, reserved 1048576K
}
Event: 1.465 GC heap after
{Heap after GC invocations=1 (full 0):
 garbage-first heap   total 131072K, used 8224K [0x00000000d1200000, 0x0000000100000000)
  region size 1024K, 3 young (3072K), 3 survivors (3072K)
 Metaspace       used 21286K, committed 21504K, reserved 1073152K
  class space    used 2253K, committed 2368K, reserved 1048576K
}
Event: 526.250 GC heap before
{Heap before GC invocations=2 (full 0):
 garbage-first heap   total 131072K, used 27680K [0x00000000d1200000, 0x0000000100000000)
  region size 1024K, 22 young (22528K), 3 survivors (3072K)
 Metaspace       used 24085K, committed 24384K, reserved 1073152K
  class space    used 2473K, committed 2624K, reserved 1048576K
}
Event: 526.260 GC heap after
{Heap after GC invocations=3 (full 0):
 garbage-first heap   total 131072K, used 9868K [0x00000000d1200000, 0x0000000100000000)
  region size 1024K, 2 young (2048K), 2 survivors (2048K)
 Metaspace       used 24085K, committed 24384K, reserved 1073152K
  class space    used 2473K, committed 2624K, reserved 1048576K
}

Dll operation events (1 events):
Event: 0.012 Loaded shared library C:\Program Files\JetBrains\IntelliJ IDEA 2022.3.2\jbr\bin\java.dll

Deoptimization events (20 events):
Event: 2.032 Thread 0x000001e5b9abee90 DEOPT PACKING pc=0x000001e5a537dbf1 sp=0x000000bee4afd460
Event: 2.033 Thread 0x000001e5b9abee90 DEOPT UNPACKING pc=0x000001e5ac6bace3 sp=0x000000bee4afc890 mode 0
Event: 2.035 Thread 0x000001e5b9abee90 DEOPT PACKING pc=0x000001e5a537dbbe sp=0x000000bee4afd0e0
Event: 2.035 Thread 0x000001e5b9abee90 DEOPT UNPACKING pc=0x000001e5ac6bace3 sp=0x000000bee4afc510 mode 0
Event: 600.891 Thread 0x000001e5b9abfd00 Uncommon trap: trap_request=0xffffffde fr.pc=0x000001e5accc9ed0 relative=0x00000000000000b0
Event: 600.893 Thread 0x000001e5b9abfd00 Uncommon trap: reason=class_check action=maybe_recompile pc=0x000001e5accc9ed0 method=java.util.Collections$UnmodifiableCollection.contains(Ljava/lang/Object;)Z @ 5 c2
Event: 600.893 Thread 0x000001e5b9abfd00 DEOPT PACKING pc=0x000001e5accc9ed0 sp=0x000000bee4bfe8b0
Event: 600.893 Thread 0x000001e5b9abfd00 DEOPT UNPACKING pc=0x000001e5ac6ba1a3 sp=0x000000bee4bfe858 mode 2
Event: 600.893 Thread 0x000001e5b9abfd00 Uncommon trap: trap_request=0xffffffde fr.pc=0x000001e5accc9ed0 relative=0x00000000000000b0
Event: 600.893 Thread 0x000001e5b9abfd00 Uncommon trap: reason=class_check action=maybe_recompile pc=0x000001e5accc9ed0 method=java.util.Collections$UnmodifiableCollection.contains(Ljava/lang/Object;)Z @ 5 c2
Event: 600.893 Thread 0x000001e5b9abfd00 DEOPT PACKING pc=0x000001e5accc9ed0 sp=0x000000bee4bfe930
Event: 600.893 Thread 0x000001e5b9abfd00 DEOPT UNPACKING pc=0x000001e5ac6ba1a3 sp=0x000000bee4bfe8d8 mode 2
Event: 600.893 Thread 0x000001e5b9abfd00 Uncommon trap: trap_request=0xffffffde fr.pc=0x000001e5accc9ed0 relative=0x00000000000000b0
Event: 600.893 Thread 0x000001e5b9abfd00 Uncommon trap: reason=class_check action=maybe_recompile pc=0x000001e5accc9ed0 method=java.util.Collections$UnmodifiableCollection.contains(Ljava/lang/Object;)Z @ 5 c2
Event: 600.893 Thread 0x000001e5b9abfd00 DEOPT PACKING pc=0x000001e5accc9ed0 sp=0x000000bee4bfe930
Event: 600.893 Thread 0x000001e5b9abfd00 DEOPT UNPACKING pc=0x000001e5ac6ba1a3 sp=0x000000bee4bfe8d8 mode 2
Event: 615.894 Thread 0x000001e5b9abdb50 Uncommon trap: trap_request=0xffffffde fr.pc=0x000001e5accc9ed0 relative=0x00000000000000b0
Event: 615.894 Thread 0x000001e5b9abdb50 Uncommon trap: reason=class_check action=maybe_recompile pc=0x000001e5accc9ed0 method=java.util.Collections$UnmodifiableCollection.contains(Ljava/lang/Object;)Z @ 5 c2
Event: 615.894 Thread 0x000001e5b9abdb50 DEOPT PACKING pc=0x000001e5accc9ed0 sp=0x000000bee49fe970
Event: 615.894 Thread 0x000001e5b9abdb50 DEOPT UNPACKING pc=0x000001e5ac6ba1a3 sp=0x000000bee49fe918 mode 2

Classes unloaded (0 events):
No events

Classes redefined (0 events):
No events

Internal exceptions (20 events):
Event: 0.681 Thread 0x000001e5a19c9740 Exception <a 'java/lang/NoSuchMethodError'{0x00000000d8be92a8}: 'java.lang.Object java.lang.invoke.Invokers$Holder.linkToTargetMethod(java.lang.Object, long, java.lang.Object)'> (0x00000000d8be92a8) 
thrown [s\src\hotspot\share\interpreter\linkResolver.cpp, line 771]
Event: 0.755 Thread 0x000001e5b9abee90 Exception <a 'java/lang/NoSuchMethodError'{0x00000000d8811e68}: static [B.<clinit>()V> (0x00000000d8811e68) 
thrown [s\src\hotspot\share\prims\jni.cpp, line 1108]
Event: 0.895 Thread 0x000001e5b9abee90 Exception <a 'java/lang/NoSuchMethodError'{0x00000000d88434d0}: static [Ljava/rmi/server/ObjID;.<clinit>()V> (0x00000000d88434d0) 
thrown [s\src\hotspot\share\prims\jni.cpp, line 1108]
Event: 0.900 Thread 0x000001e5b9abfd00 Exception <a 'java/lang/InterruptedException'{0x00000000d8876538}> (0x00000000d8876538) 
thrown [s\src\hotspot\share\runtime\objectMonitor.cpp, line 1648]
Event: 0.901 Thread 0x000001e5b9abfd00 Exception <a 'java/lang/NoSuchMethodError'{0x00000000d887ecd8}: 'java.lang.Object java.lang.invoke.DirectMethodHandle$Holder.newInvokeSpecial(java.lang.Object, java.lang.Object, int, java.lang.Object, long)'> (0x00000000d887ecd8) 
thrown [s\src\hotspot\share\interpreter\linkResolver.cpp, line 771]
Event: 0.999 Thread 0x000001e5b9abee90 Exception <a 'java/lang/NoSuchMethodError'{0x00000000d86ff890}: 'java.lang.Object java.lang.invoke.DirectMethodHandle$Holder.invokeInterface(java.lang.Object, java.lang.Object)'> (0x00000000d86ff890) 
thrown [s\src\hotspot\share\interpreter\linkResolver.cpp, line 771]
Event: 1.027 Thread 0x000001e5b9abee90 Exception <a 'java/lang/NoSuchMethodError'{0x00000000d8576fb0}: 'void java.lang.invoke.DirectMethodHandle$Holder.invokeSpecial(java.lang.Object, java.lang.Object, java.lang.Object)'> (0x00000000d8576fb0) 
thrown [s\src\hotspot\share\interpreter\linkResolver.cpp, line 771]
Event: 1.028 Thread 0x000001e5b9abee90 Exception <a 'java/lang/NoSuchMethodError'{0x00000000d857d9d0}: 'void java.lang.invoke.DirectMethodHandle$Holder.invokeStatic(java.lang.Object, java.lang.Object, java.lang.Object)'> (0x00000000d857d9d0) 
thrown [s\src\hotspot\share\interpreter\linkResolver.cpp, line 771]
Event: 1.029 Thread 0x000001e5b9abee90 Exception <a 'java/lang/NoSuchMethodError'{0x00000000d8587dd0}: 'java.lang.Object java.lang.invoke.DirectMethodHandle$Holder.invokeVirtual(java.lang.Object, java.lang.Object, java.lang.Object)'> (0x00000000d8587dd0) 
thrown [s\src\hotspot\share\interpreter\linkResolver.cpp, line 771]
Event: 1.126 Thread 0x000001e5b9abee90 Exception <a 'java/lang/NoSuchMethodError'{0x00000000d81a5900}: 'void java.lang.invoke.DirectMethodHandle$Holder.invokeStaticInit(java.lang.Object, java.lang.Object)'> (0x00000000d81a5900) 
thrown [s\src\hotspot\share\interpreter\linkResolver.cpp, line 771]
Event: 1.217 Thread 0x000001e5b9abee90 Exception <a 'sun/nio/fs/WindowsException'{0x00000000d7f7d768}> (0x00000000d7f7d768) 
thrown [s\src\hotspot\share\prims\jni.cpp, line 517]
Event: 1.234 Thread 0x000001e5b9abee90 Exception <a 'java/lang/NoSuchMethodError'{0x00000000d7fa1aa8}: 'int java.lang.invoke.DirectMethodHandle$Holder.invokeStaticInit(java.lang.Object, java.lang.Object, java.lang.Object, java.lang.Object)'> (0x00000000d7fa1aa8) 
thrown [s\src\hotspot\share\interpreter\linkResolver.cpp, line 771]
Event: 1.235 Thread 0x000001e5b9abee90 Exception <a 'java/lang/IncompatibleClassChangeError'{0x00000000d7faafb0}: Found class java.lang.Object, but interface was expected> (0x00000000d7faafb0) 
thrown [s\src\hotspot\share\interpreter\linkResolver.cpp, line 838]
Event: 1.236 Thread 0x000001e5b9abee90 Exception <a 'java/lang/NoSuchMethodError'{0x00000000d7fb4f08}: 'int java.lang.invoke.DirectMethodHandle$Holder.invokeStaticInit(java.lang.Object, java.lang.Object)'> (0x00000000d7fb4f08) 
thrown [s\src\hotspot\share\interpreter\linkResolver.cpp, line 771]
Event: 1.573 Thread 0x000001e5b9abee90 Implicit null exception at 0x000001e5acc38872 to 0x000001e5acc38eb4
Event: 1.574 Thread 0x000001e5b9abee90 Exception <a 'java/lang/NoSuchMethodError'{0x00000000d8fdb5a0}: 'java.lang.Object java.lang.invoke.DirectMethodHandle$Holder.newInvokeSpecial(java.lang.Object, java.lang.Object, int)'> (0x00000000d8fdb5a0) 
thrown [s\src\hotspot\share\interpreter\linkResolver.cpp, line 771]
Event: 1.774 Thread 0x000001e5b9abee90 Implicit null exception at 0x000001e5acc39e72 to 0x000001e5acc3a4ac
Event: 2.068 Thread 0x000001e5b9abee90 Exception <a 'java/lang/NoSuchMethodError'{0x00000000d891ce40}: static Lcom/intellij/database/remote/jdbc/RemoteResultSet$DataRetrievingOptions;.<clinit>()V> (0x00000000d891ce40) 
thrown [s\src\hotspot\share\prims\jni.cpp, line 1108]
Event: 2.073 Thread 0x000001e5b9abee90 Exception <a 'java/lang/NoSuchMethodError'{0x00000000d8933508}: static [Ljava/lang/Object;.<clinit>()V> (0x00000000d8933508) 
thrown [s\src\hotspot\share\prims\jni.cpp, line 1108]
Event: 524.370 Thread 0x000001e5b9abee90 Exception <a 'java/lang/NoSuchMethodError'{0x00000000d82c69f0}: static Lcom/intellij/database/remote/jdbc/ColumnInfo;.<clinit>()V> (0x00000000d82c69f0) 
thrown [s\src\hotspot\share\prims\jni.cpp, line 1108]

VM Operations (20 events):
Event: 541.269 Executing VM operation: Cleanup
Event: 541.269 Executing VM operation: Cleanup done
Event: 621.492 Executing VM operation: Cleanup
Event: 621.493 Executing VM operation: Cleanup done
Event: 712.775 Executing VM operation: Cleanup
Event: 712.776 Executing VM operation: Cleanup done
Event: 781.046 Executing VM operation: Cleanup
Event: 781.046 Executing VM operation: Cleanup done
Event: 889.106 Executing VM operation: Cleanup
Event: 889.106 Executing VM operation: Cleanup done
Event: 893.121 Executing VM operation: Cleanup
Event: 893.121 Executing VM operation: Cleanup done
Event: 920.141 Executing VM operation: Cleanup
Event: 920.141 Executing VM operation: Cleanup done
Event: 982.320 Executing VM operation: Cleanup
Event: 982.321 Executing VM operation: Cleanup done
Event: 1091.441 Executing VM operation: Cleanup
Event: 1091.441 Executing VM operation: Cleanup done
Event: 1407.105 Executing VM operation: Cleanup
Event: 1407.105 Executing VM operation: Cleanup done

Events (20 events):
Event: 974.725 Thread 0x000001e5b9abcce0 Thread added: 0x000001e5b9abcce0
Event: 975.858 Thread 0x000001e5b9abcce0 Thread exited: 0x000001e5b9abcce0
Event: 981.565 Thread 0x000001e5b9abe020 Thread added: 0x000001e5b9abe020
Event: 981.694 loading class sun/awt/Win32GraphicsEnvironment
Event: 981.723 loading class sun/java2d/SunGraphicsEnvironment
Event: 981.734 loading class sun/awt/DisplayParametersChangedListener
Event: 981.735 loading class sun/awt/DisplayParametersChangedListener done
Event: 981.736 loading class sun/java2d/SunGraphicsEnvironment done
Event: 981.736 loading class sun/awt/Win32GraphicsEnvironment done
Event: 981.790 loading class sun/java2d/windows/WindowsFlags
Event: 981.791 loading class sun/java2d/windows/WindowsFlags done
Event: 981.791 loading class sun/java2d/windows/WindowsFlags$1
Event: 981.792 loading class sun/java2d/windows/WindowsFlags$1 done
Event: 981.806 loading class sun/java2d/WindowsSurfaceManagerFactory
Event: 981.806 loading class sun/java2d/SurfaceManagerFactory
Event: 981.806 loading class sun/java2d/SurfaceManagerFactory done
Event: 981.806 loading class sun/java2d/WindowsSurfaceManagerFactory done
Event: 983.434 Thread 0x000001e5b9abe020 Thread exited: 0x000001e5b9abe020
Event: 983.925 Thread 0x000001e5b9abf360 Thread added: 0x000001e5b9abf360
Event: 984.928 Thread 0x000001e5b9abf360 Thread exited: 0x000001e5b9abf360


Dynamic libraries:
0x00007ff71b650000 - 0x00007ff71b65a000 	C:\Program Files\JetBrains\IntelliJ IDEA 2022.3.2\jbr\bin\java.exe
0x00007ffdef510000 - 0x00007ffdef724000 	C:\WINDOWS\SYSTEM32\ntdll.dll
0x00007ffdee410000 - 0x00007ffdee4d4000 	C:\WINDOWS\System32\KERNEL32.DLL
0x00007ffdecbc0000 - 0x00007ffdecf64000 	C:\WINDOWS\System32\KERNELBASE.dll
0x00007ffdecf70000 - 0x00007ffded081000 	C:\WINDOWS\System32\ucrtbase.dll
0x00007ffdd4580000 - 0x00007ffdd4597000 	C:\Program Files\JetBrains\IntelliJ IDEA 2022.3.2\jbr\bin\jli.dll
0x00007ffdef0e0000 - 0x00007ffdef28e000 	C:\WINDOWS\System32\USER32.dll
0x00007ffded130000 - 0x00007ffded156000 	C:\WINDOWS\System32\win32u.dll
0x00007ffdef300000 - 0x00007ffdef329000 	C:\WINDOWS\System32\GDI32.dll
0x00007ffdeca30000 - 0x00007ffdecb48000 	C:\WINDOWS\System32\gdi32full.dll
0x00007ffded090000 - 0x00007ffded12a000 	C:\WINDOWS\System32\msvcp_win.dll
0x00007ffdddb60000 - 0x00007ffdddb7b000 	C:\Program Files\JetBrains\IntelliJ IDEA 2022.3.2\jbr\bin\VCRUNTIME140.dll
0x00007ffdd1a90000 - 0x00007ffdd1d23000 	C:\WINDOWS\WinSxS\amd64_microsoft.windows.common-controls_6595b64144ccf1df_6.0.22621.2215_none_270d72677387dfc3\COMCTL32.dll
0x00007ffdee4e0000 - 0x00007ffdee587000 	C:\WINDOWS\System32\msvcrt.dll
0x00007ffdeedc0000 - 0x00007ffdeedf1000 	C:\WINDOWS\System32\IMM32.DLL
0x00007ffde2cc0000 - 0x00007ffde2ccc000 	C:\Program Files\JetBrains\IntelliJ IDEA 2022.3.2\jbr\bin\vcruntime140_1.dll
0x00007ffdc3bd0000 - 0x00007ffdc3c5d000 	C:\Program Files\JetBrains\IntelliJ IDEA 2022.3.2\jbr\bin\msvcp140.dll
0x00007ffd9ade0000 - 0x00007ffd9ba4d000 	C:\Program Files\JetBrains\IntelliJ IDEA 2022.3.2\jbr\bin\server\jvm.dll
0x00007ffded700000 - 0x00007ffded7b0000 	C:\WINDOWS\System32\ADVAPI32.dll
0x00007ffded2a0000 - 0x00007ffded346000 	C:\WINDOWS\System32\sechost.dll
0x00007ffdeefc0000 - 0x00007ffdef0d7000 	C:\WINDOWS\System32\RPCRT4.dll
0x00007ffde6a90000 - 0x00007ffde6a99000 	C:\WINDOWS\SYSTEM32\WSOCK32.dll
0x00007ffde2c70000 - 0x00007ffde2ca4000 	C:\WINDOWS\SYSTEM32\WINMM.dll
0x00007ffded4c0000 - 0x00007ffded531000 	C:\WINDOWS\System32\WS2_32.dll
0x00007ffde1ba0000 - 0x00007ffde1baa000 	C:\WINDOWS\SYSTEM32\VERSION.dll
0x00007ffdeba00000 - 0x00007ffdeba18000 	C:\WINDOWS\SYSTEM32\kernel.appcore.dll
0x00007ffde6a80000 - 0x00007ffde6a8a000 	C:\Program Files\JetBrains\IntelliJ IDEA 2022.3.2\jbr\bin\jimage.dll
0x00007ffde9db0000 - 0x00007ffde9fde000 	C:\WINDOWS\SYSTEM32\DBGHELP.DLL
0x00007ffdeda00000 - 0x00007ffdedd8a000 	C:\WINDOWS\System32\combase.dll
0x00007ffdedeb0000 - 0x00007ffdedf87000 	C:\WINDOWS\System32\OLEAUT32.dll
0x00007ffdde860000 - 0x00007ffdde892000 	C:\WINDOWS\SYSTEM32\dbgcore.DLL
0x00007ffded220000 - 0x00007ffded29a000 	C:\WINDOWS\System32\bcryptPrimitives.dll
0x00007ffde2cd0000 - 0x00007ffde2cf5000 	C:\Program Files\JetBrains\IntelliJ IDEA 2022.3.2\jbr\bin\java.dll
0x00007ffde6a60000 - 0x00007ffde6a78000 	C:\Program Files\JetBrains\IntelliJ IDEA 2022.3.2\jbr\bin\zip.dll
0x00007ffdee590000 - 0x00007ffdeedb3000 	C:\WINDOWS\System32\SHELL32.dll
0x00007ffdea860000 - 0x00007ffdeb14a000 	C:\WINDOWS\SYSTEM32\windows.storage.dll
0x00007ffdea720000 - 0x00007ffdea85e000 	C:\WINDOWS\SYSTEM32\wintypes.dll
0x00007ffdeee90000 - 0x00007ffdeef83000 	C:\WINDOWS\System32\SHCORE.dll
0x00007ffdef330000 - 0x00007ffdef38e000 	C:\WINDOWS\System32\shlwapi.dll
0x00007ffdec7f0000 - 0x00007ffdec816000 	C:\WINDOWS\SYSTEM32\profapi.dll
0x00007ffddbad0000 - 0x00007ffddbae9000 	C:\Program Files\JetBrains\IntelliJ IDEA 2022.3.2\jbr\bin\net.dll
0x00007ffde5010000 - 0x00007ffde5147000 	C:\WINDOWS\SYSTEM32\WINHTTP.dll
0x00007ffdebe80000 - 0x00007ffdebee9000 	C:\WINDOWS\system32\mswsock.dll
0x00007ffdd73f0000 - 0x00007ffdd7406000 	C:\Program Files\JetBrains\IntelliJ IDEA 2022.3.2\jbr\bin\nio.dll
0x00007ffdbc4b0000 - 0x00007ffdbc643000 	C:\Program Files\JetBrains\IntelliJ IDEA 2022.3.2\jbr\bin\awt.dll
0x00007ffde70b0000 - 0x00007ffde70db000 	C:\WINDOWS\SYSTEM32\dwmapi.dll
0x00007ffde6700000 - 0x00007ffde6797000 	C:\WINDOWS\SYSTEM32\apphelp.dll
0x00007ffde6e30000 - 0x00007ffde6edb000 	C:\WINDOWS\system32\uxtheme.dll
0x00007ffded370000 - 0x00007ffded4b9000 	C:\WINDOWS\System32\MSCTF.dll
0x00007ffded860000 - 0x00007ffded9fe000 	C:\WINDOWS\System32\ole32.dll
0x00007ffdeb420000 - 0x00007ffdeb44d000 	C:\WINDOWS\SYSTEM32\IPHLPAPI.DLL
0x00007ffdede90000 - 0x00007ffdede99000 	C:\WINDOWS\System32\NSI.dll
0x00007ffde3230000 - 0x00007ffde3249000 	C:\WINDOWS\SYSTEM32\dhcpcsvc6.DLL
0x00007ffde3200000 - 0x00007ffde321f000 	C:\WINDOWS\SYSTEM32\dhcpcsvc.DLL
0x00007ffdeb490000 - 0x00007ffdeb582000 	C:\WINDOWS\SYSTEM32\DNSAPI.dll
0x00007ffdec0d0000 - 0x00007ffdec0eb000 	C:\WINDOWS\SYSTEM32\CRYPTSP.dll
0x00007ffdeb970000 - 0x00007ffdeb9a5000 	C:\WINDOWS\system32\rsaenh.dll
0x00007ffdebf70000 - 0x00007ffdebf9c000 	C:\WINDOWS\SYSTEM32\USERENV.dll
0x00007ffdec290000 - 0x00007ffdec2b8000 	C:\WINDOWS\SYSTEM32\bcrypt.dll
0x00007ffdec0f0000 - 0x00007ffdec0fc000 	C:\WINDOWS\SYSTEM32\CRYPTBASE.dll
0x00007ffddb570000 - 0x00007ffddb577000 	C:\Program Files\JetBrains\IntelliJ IDEA 2022.3.2\jbr\bin\rmi.dll
0x00007ffde31f0000 - 0x00007ffde31fa000 	C:\Windows\System32\rasadhlp.dll
0x00007ffde1c00000 - 0x00007ffde1c84000 	C:\WINDOWS\System32\fwpuclnt.dll
0x00007ffdde7f0000 - 0x00007ffdde7fe000 	C:\Program Files\JetBrains\IntelliJ IDEA 2022.3.2\jbr\bin\sunmscapi.dll
0x00007ffdec8c0000 - 0x00007ffdeca26000 	C:\WINDOWS\System32\CRYPT32.dll
0x00007ffdec260000 - 0x00007ffdec28e000 	C:\WINDOWS\SYSTEM32\ncrypt.dll
0x00007ffdec220000 - 0x00007ffdec257000 	C:\WINDOWS\SYSTEM32\NTASN1.dll
0x00007ffdcdd40000 - 0x00007ffdcddf0000 	C:\WINDOWS\SYSTEM32\TextShaping.dll

dbghelp: loaded successfully - version: 4.0.5 - missing functions: none
symbol engine: initialized successfully - sym options: 0x614 - pdb path: .;C:\Program Files\JetBrains\IntelliJ IDEA 2022.3.2\jbr\bin;C:\WINDOWS\SYSTEM32;C:\WINDOWS\WinSxS\amd64_microsoft.windows.common-controls_6595b64144ccf1df_6.0.22621.2215_none_270d72677387dfc3;C:\Program Files\JetBrains\IntelliJ IDEA 2022.3.2\jbr\bin\server

VM Arguments:
jvm_args: -Dawt.toolkit=com.intellij.desktop.DesktopActionsToolkit -Djava.rmi.server.hostname=127.0.0.1 -Duser.timezone=UTC -Xmx750m -Xms128m --add-exports=java.desktop/sun.awt=ALL-UNNAMED --add-exports=java.desktop/java.awt.peer=ALL-UNNAMED --add-opens=java.desktop/java.awt=ALL-UNNAMED --add-opens=jdk.unsupported/sun.misc=ALL-UNNAMED --add-opens=java.base/java.nio=ALL-UNNAMED --add-opens=java.base/java.util=ALL-UNNAMED -Dfile.encoding=UTF-8 
java_command: com.intellij.database.remote.RemoteJdbcServer com.mysql.cj.jdbc.Driver
java_class_path (initial): C:\Program Files\JetBrains\IntelliJ IDEA 2022.3.2\lib\util_rt.jar;C:\Program Files\JetBrains\IntelliJ IDEA 2022.3.2\lib\3rd-party-rt.jar;C:\Program Files\JetBrains\IntelliJ IDEA 2022.3.2\lib\groovy.jar;C:\Program Files\JetBrains\IntelliJ IDEA 2022.3.2\plugins\DatabaseTools\lib\jdbc-console.jar;C:\Program Files\JetBrains\IntelliJ IDEA 2022.3.2\plugins\grid-core-impl\lib\jdbc-console-types.jar;C:\Users\Admin\AppData\Roaming\JetBrains\IntelliJIdea2022.3\jdbc-drivers\MySQL ConnectorJ\8.0.25\mysql-connector-java-8.0.25.jar
Launcher Type: SUN_STANDARD

[Global flags]
     intx CICompilerCount                          = 4                                         {product} {ergonomic}
     uint ConcGCThreads                            = 2                                         {product} {ergonomic}
     uint G1ConcRefinementThreads                  = 8                                         {product} {ergonomic}
   size_t G1HeapRegionSize                         = 1048576                                   {product} {ergonomic}
    uintx GCDrainStackTargetSize                   = 64                                        {product} {ergonomic}
   size_t InitialHeapSize                          = 134217728                                 {product} {command line}
   size_t MarkStackSize                            = 4194304                                   {product} {ergonomic}
   size_t MaxHeapSize                              = 786432000                                 {product} {command line}
   size_t MaxNewSize                               = 471859200                                 {product} {ergonomic}
   size_t MinHeapDeltaBytes                        = 1048576                                   {product} {ergonomic}
   size_t MinHeapSize                              = 134217728                                 {product} {command line}
    uintx NonNMethodCodeHeapSize                   = 5839372                                {pd product} {ergonomic}
    uintx NonProfiledCodeHeapSize                  = 122909434                              {pd product} {ergonomic}
    uintx ProfiledCodeHeapSize                     = 122909434                              {pd product} {ergonomic}
    uintx ReservedCodeCacheSize                    = 251658240                              {pd product} {ergonomic}
     bool SegmentedCodeCache                       = true                                      {product} {ergonomic}
   size_t SoftMaxHeapSize                          = 786432000                              {manageable} {ergonomic}
     bool UseCompressedClassPointers               = true                           {product lp64_product} {ergonomic}
     bool UseCompressedOops                        = true                           {product lp64_product} {ergonomic}
     bool UseG1GC                                  = true                                      {product} {ergonomic}
     bool UseLargePagesIndividualAllocation        = false                                  {pd product} {ergonomic}

Logging:
Log output configuration:
 #0: stdout all=warning uptime,level,tags
 #1: stderr all=off uptime,level,tags

Environment Variables:
PATH=C:\Program Files\Common Files\Oracle\Java\javapath;C:\Program Files (x86)\Common Files\Oracle\Java\javapath;C:\Windows\system32;C:\Windows;C:\Windows\System32\Wbem;C:\Windows\System32\WindowsPowerShell\v1.0\;C:\Windows\System32\OpenSSH\;C:\Program Files (x86)\NVIDIA Corporation\PhysX\Common;C:\Program Files\NVIDIA Corporation\NVIDIA NvDLISR;C:\WINDOWS\system32;C:\WINDOWS;C:\WINDOWS\System32\Wbem;C:\WINDOWS\System32\WindowsPowerShell\v1.0\;C:\WINDOWS\System32\OpenSSH\;C:\Program Files\Git\cmd;C:\Program Files\nodejs\;C:\Users\Admin\AppData\Local\Microsoft\WindowsApps;;C:\Users\Admin\Downloads\Microsoft VS Code\bin;C:\Users\Admin\AppData\Roaming\npm
USERNAME=Admin
OS=Windows_NT
PROCESSOR_IDENTIFIER=Intel64 Family 6 Model 140 Stepping 1, GenuineIntel
TMP=C:\Users\Admin\AppData\Local\Temp
TEMP=C:\Users\Admin\AppData\Local\Temp



---------------  S Y S T E M  ---------------

OS:
 Windows 11 , 64 bit Build 22621 (10.0.22621.2215)
OS uptime: 0 days 2:35 hours

CPU: total 8 (initial active 8) (4 cores per cpu, 2 threads per core) family 6 model 140 stepping 1 microcode 0x86, cx8, cmov, fxsr, ht, mmx, 3dnowpref, sse, sse2, sse3, ssse3, sse4.1, sse4.2, popcnt, lzcnt, tsc, tscinvbit, avx, avx2, aes, erms, clmul, bmi1, bmi2, adx, avx512f, avx512dq, avx512cd, avx512bw, avx512vl, sha, fma, vzeroupper, avx512_vpopcntdq, avx512_vpclmulqdq, avx512_vaes, avx512_vnni, clflush, clflushopt, clwb, avx512_vbmi2, avx512_vbmi

Memory: 4k page, system-wide physical 7873M (581M free)
TotalPageFile size 16065M (AvailPageFile size 1M)
current process WorkingSet (physical memory assigned to process): 27M, peak: 114M
current process commit charge ("private bytes"): 238M, peak: 255M

vm_info: OpenJDK 64-Bit Server VM (17.0.6+1-b653.34) for windows-amd64 JRE (17.0.6+1-b653.34), built on 2023-02-24 by "builduser" with MS VC++ 16.10 / 16.11 (VS2019)

END.
